Arguments: 
  /Users/ashish/.nvm/versions/node/v16.13.1/bin/node /opt/homebrew/bin/yarn add -D react react-native

PATH: 
  /Users/ashish/.nvm/versions/node/v16.13.1/bin:/Users/ashish/Library/Android/sdk/tools/bin:/Users/ashish/Library/Android/sdk/tools:/Users/ashish/Library/Android/sdk/platform-tools:/Library/Frameworks/Python.framework/Versions/3.10/bin:/opt/homebrew/bin:/opt/homebrew/sbin:/usr/local/bin:/usr/bin:/bin:/usr/sbin:/sbin:/Library/Apple/usr/bin:/Users/ashish/.nvm/versions/node/v16.13.1/bin:/Users/ashish/Library/Android/sdk/tools/bin:/Users/ashish/Library/Android/sdk/tools:/Users/ashish/Library/Android/sdk/platform-tools:/Library/Frameworks/Python.framework/Versions/3.10/bin:/opt/homebrew/bin:/opt/homebrew/sbin

Yarn version: 
  1.22.18

Node version: 
  16.13.1

Platform: 
  darwin arm64

Trace: 
  SyntaxError: /Users/ashish/Documents/npm-packages/react-native-swipeable-carousel/package.json: Unexpected token } in JSON at position 729
      at JSON.parse (<anonymous>)
      at /opt/homebrew/lib/node_modules/yarn/lib/cli.js:1625:59
      at Generator.next (<anonymous>)
      at step (/opt/homebrew/lib/node_modules/yarn/lib/cli.js:310:30)
      at /opt/homebrew/lib/node_modules/yarn/lib/cli.js:321:13

npm manifest: 
  {
    "name": "react-native-swipeable-carousel",
    "version": "1.0.4",
    "description": "A simple swipeable carousel within a card",
    "main": "lib/index.js",
    "types": "lib/index.d.ts",
    "repository": {
      "type": "git",
      "url": "git@github.com:aashishshrestha5532/react-native-swipeable-carousel.git"
    },
    "scripts": {
      "build":"tsc",
      "test": "echo \"Error: no test specified\" && exit 1"
    },
    "keywords": [
      "react-native",
      "carousel",
      "swiper",
      "card",
      "react-native-pager-view",
      "react-native-simple-carousel",
      "react-native-swipeable-carousel"
    ],
    "dependencies": {},
    "peerDependencies": {
      "react-native-size-matters": ">=0.4.0",
      "react-native-svg": ">=12.3.0",
     
    },
    "author": "Ashish Shrestha",
    "license": "MIT",
    "devDependencies": {
      "typescript": "^4.9.4",
      "react":">=17.0.2",
      "react-native":">=0.67.3"
    }
  }

yarn manifest: 
  No manifest

Lockfile: 
  # THIS IS AN AUTOGENERATED FILE. DO NOT EDIT THIS FILE DIRECTLY.
  # yarn lockfile v1
  
  
  typescript@^4.9.4:
    version "4.9.4"
    resolved "https://registry.yarnpkg.com/typescript/-/typescript-4.9.4.tgz#a2a3d2756c079abda241d75f149df9d561091e78"
    integrity sha512-Uz+dTXYzxXXbsFpM86Wh3dKCxrQqUcVMxwU54orwlJjOpO3ao8L7j5lH+dWfTwgCwIuM9GQ2kvVotzYJMXTBZg==
